<?xml version="1.0" encoding="UTF-8"?>
<testsuite name="hexlet.code.DifferTest2" tests="1" skipped="0" failures="0" errors="0" timestamp="2023-01-19T09:56:49" hostname="DESKTOP-A18RDR4" time="5.907">
  <properties/>
  <testcase name="testIfKeyIsObj()" classname="hexlet.code.DifferTest2" time="5.907"/>
  <system-out><![CDATA[]]></system-out>
  <system-err><![CDATA[]]></system-err>
</testsuite>
